#
# There is insufficient memory for the Java Runtime Environment to continue.
# Native memory allocation (malloc) failed to allocate 1048576 bytes for AllocateHeap
# Possible reasons:
#   The system is out of physical RAM or swap space
#   In 32 bit mode, the process size limit was hit
# Possible solutions:
#   Reduce memory load on the system
#   Increase physical memory or swap space
#   Check if swap backing store is full
#   Use 64 bit Java on a 64 bit OS
#   Decrease Java heap size (-Xmx/-Xms)
#   Decrease number of Java threads
#   Decrease Java thread stack sizes (-Xss)
#   Set larger code cache with -XX:ReservedCodeCacheSize=
# This output file may be truncated or incomplete.
#
#  Out of Memory Error (memory/allocation.inline.hpp:61), pid=10828, tid=0x0000000000002918
#
# JRE version:  (8.0_101-b13) (build )
# Java VM: Java HotSpot(TM) 64-Bit Server VM (25.101-b13 mixed mode windows-amd64 compressed oops)
# Failed to write core dump. Minidumps are not enabled by default on client versions of Windows
#

---------------  T H R E A D  ---------------

Current thread (0x0000000002cc1000):  JavaThread "Unknown thread" [_thread_in_vm, id=10520, stack(0x0000000002ad0000,0x0000000002bd0000)]

Stack: [0x0000000002ad0000,0x0000000002bd0000]
[error occurred during error reporting (printing stack bounds), id 0xc0000005]

Native frames: (J=compiled Java code, j=interpreted, Vv=VM code, C=native code)


---------------  P R O C E S S  ---------------

Java Threads: ( => current thread )

Other Threads:

=>0x0000000002cc1000 (exited) JavaThread "Unknown thread" [_thread_in_vm, id=10520, stack(0x0000000002ad0000,0x0000000002bd0000)]

VM state:not at safepoint (normal execution)

VM Mutex/Monitor currently owned by a thread: None

Heap:
 PSYoungGen      total 76288K, used 1310K [0x00000000eab00000, 0x00000000f0000000, 0x0000000100000000)
  eden space 65536K, 2% used [0x00000000eab00000,0x00000000eac47af0,0x00000000eeb00000)
  from space 10752K, 0% used [0x00000000ef580000,0x00000000ef580000,0x00000000f0000000)
  to   space 10752K, 0% used [0x00000000eeb00000,0x00000000eeb00000,0x00000000ef580000)
 ParOldGen       total 175104K, used 0K [0x00000000c0000000, 0x00000000cab00000, 0x00000000eab00000)
  object space 175104K, 0% used [0x00000000c0000000,0x00000000c0000000,0x00000000cab00000)
 Metaspace       used 769K, capacity 4480K, committed 4480K, reserved 1056768K
  class space    used 75K, capacity 384K, committed 384K, reserved 1048576K

Card table byte_map: [0x0000000012180000,0x0000000012390000] byte_map_base: 0x0000000011b80000

Marking Bits: (ParMarkBitMap*) 0x000000006434a6d0
 Begin Bits: [0x0000000012cf0000, 0x0000000013cf0000)
 End Bits:   [0x0000000013cf0000, 0x0000000014cf0000)

Polling page: 0x00000000011e0000

CodeCache: size=245760Kb used=328Kb max_used=328Kb free=245431Kb
 bounds [0x0000000002dc0000, 0x0000000003030000, 0x0000000011dc0000]
 total_blobs=58 nmethods=0 adapters=38
 compilation: enabled

Compilation events (0 events):
No events

GC Heap History (0 events):
No events

Deoptimization events (0 events):
No events

Internal exceptions (0 events):
No events

Events (10 events):
Event: 0.022 loading class java/lang/Short
Event: 0.022 loading class java/lang/Short done
Event: 0.022 loading class java/lang/Integer
Event: 0.022 loading class java/lang/Integer done
Event: 0.022 loading class java/lang/Long
Event: 0.022 loading class java/lang/Long done
Event: 0.023 loading class java/lang/NullPointerException
Event: 0.023 loading class java/lang/NullPointerException done
Event: 0.023 loading class java/lang/ArithmeticException
Event: 0.023 loading class java/lang/ArithmeticException done


Dynamic libraries:
0x00007ff7dbbc0000 - 0x00007ff7dbbf7000 	C:\Program Files\Java\jdk1.8.0_101\jre\bin\java.exe
0x00007ff9c5740000 - 0x00007ff9c5911000 	C:\Windows\SYSTEM32\ntdll.dll
0x00007ff9c3480000 - 0x00007ff9c352b000 	C:\Windows\System32\KERNEL32.DLL
0x00007ff9c1fc0000 - 0x00007ff9c21dd000 	C:\Windows\System32\KERNELBASE.dll
0x00007ff9c3b30000 - 0x00007ff9c3bd2000 	C:\Windows\System32\ADVAPI32.dll
0x00007ff9c56a0000 - 0x00007ff9c573e000 	C:\Windows\System32\msvcrt.dll
0x00007ff9c2f20000 - 0x00007ff9c2f79000 	C:\Windows\System32\sechost.dll
0x00007ff9c2cd0000 - 0x00007ff9c2df1000 	C:\Windows\System32\RPCRT4.dll
0x00007ff9c2f80000 - 0x00007ff9c30e5000 	C:\Windows\System32\USER32.dll
0x00007ff9c2c60000 - 0x00007ff9c2c7e000 	C:\Windows\System32\win32u.dll
0x00007ff9c2e10000 - 0x00007ff9c2e44000 	C:\Windows\System32\GDI32.dll
0x00007ff9c21e0000 - 0x00007ff9c2362000 	C:\Windows\System32\gdi32full.dll
0x00007ff9b72c0000 - 0x00007ff9b7539000 	C:\Windows\WinSxS\amd64_microsoft.windows.common-controls_6595b64144ccf1df_6.0.14393.447_none_42191651c6827bb3\COMCTL32.dll
0x00007ff9c31b0000 - 0x00007ff9c3478000 	C:\Windows\System32\combase.dll
0x00007ff9c2af0000 - 0x00007ff9c2be5000 	C:\Windows\System32\ucrtbase.dll
0x00007ff9c2bf0000 - 0x00007ff9c2c5a000 	C:\Windows\System32\bcryptPrimitives.dll
0x00007ff9c5610000 - 0x00007ff9c563e000 	C:\Windows\System32\IMM32.DLL
0x00000000643d0000 - 0x00000000644a2000 	C:\Program Files\Java\jdk1.8.0_101\jre\bin\msvcr100.dll
0x0000000063b30000 - 0x00000000643ca000 	C:\Program Files\Java\jdk1.8.0_101\jre\bin\server\jvm.dll
0x00007ff9c2e00000 - 0x00007ff9c2e08000 	C:\Windows\System32\PSAPI.DLL
0x00007ff9ba6e0000 - 0x00007ff9ba6e9000 	C:\Windows\SYSTEM32\WSOCK32.dll
0x00007ff9c3530000 - 0x00007ff9c359a000 	C:\Windows\System32\WS2_32.dll
0x00007ff9bfde0000 - 0x00007ff9bfe03000 	C:\Windows\SYSTEM32\WINMM.dll
0x00007ff9bcc80000 - 0x00007ff9bcc8a000 	C:\Windows\SYSTEM32\VERSION.dll
0x00007ff9bfc50000 - 0x00007ff9bfc7b000 	C:\Windows\SYSTEM32\WINMMBASE.dll
0x00007ff9c2c80000 - 0x00007ff9c2cc2000 	C:\Windows\System32\cfgmgr32.dll
0x0000000063b20000 - 0x0000000063b2f000 	C:\Program Files\Java\jdk1.8.0_101\jre\bin\verify.dll
0x0000000063af0000 - 0x0000000063b19000 	C:\Program Files\Java\jdk1.8.0_101\jre\bin\java.dll
0x0000000063ad0000 - 0x0000000063ae6000 	C:\Program Files\Java\jdk1.8.0_101\jre\bin\zip.dll

VM Arguments:
jvm_args: -Xmx1G 
java_command: C:\Users\cyberpwn\Documents\development\workspace\ReactPlugin\target\surefire\surefirebooter8777221554365759295.jar C:\Users\cyberpwn\Documents\development\workspace\ReactPlugin\target\surefire\surefire4043458346138757454tmp C:\Users\cyberpwn\Documents\development\workspace\ReactPlugin\target\surefire\surefire_12822959458523062838tmp
java_class_path (initial): C:\Users\cyberpwn\Documents\development\workspace\ReactPlugin\target\surefire\surefirebooter8777221554365759295.jar
Launcher Type: SUN_STANDARD

Environment Variables:
JAVA_HOME=C:\Program Files\Java\jdk1.8.0_101
PATH=C:/Program Files/Java/jre1.8.0_121/bin/server;C:/Program Files/Java/jre1.8.0_121/bin;C:/Program Files/Java/jre1.8.0_121/lib/amd64;C:\ProgramData\Oracle\Java\javapath;C:\Windows\system32;C:\Windows;C:\Windows\System32\Wbem;C:\Windows\System32\WindowsPowerShell\v1.0\;C:\Program Files (x86)\NVIDIA Corporation\PhysX\Common;C:\Users\cyberpwn\Documents\development\maven\bin;C:\Program Files (x86)\Skype\Phone\;C:\Program Files\WorldPainter;C:\Users\cyberpwn\AppData\Local\Microsoft\WindowsApps;C:\Users\cyberpwn\Documents\development\eclipse;
USERNAME=cyberpwn
OS=Windows_NT
PROCESSOR_IDENTIFIER=Intel64 Family 6 Model 94 Stepping 3, GenuineIntel



---------------  S Y S T E M  ---------------

OS: Windows 10.0 , 64 bit Build 14393 (10.0.14393.0)

CPU:total 8 (4 cores per cpu, 2 threads per core) family 6 model 94 stepping 3, cmov, cx8, fxsr, mmx, sse, sse2, sse3, ssse3, sse4.1, sse4.2, popcnt, avx, avx2, aes, clmul, erms, rtm, 3dnowpref, lzcnt, ht, tsc, tscinvbit, bmi1, bmi2, adx

Memory: 4k page, physical 16696020k(2664620k free), swap 17744596k(6644k free)

vm_info: Java HotSpot(TM) 64-Bit Server VM (25.101-b13) for windows-amd64 JRE (1.8.0_101-b13), built on Jun 22 2016 01:21:29 by "java_re" with MS VC++ 10.0 (VS2010)

time: Tue Jan 31 20:53:50 2017
elapsed time: 0 seconds (0d 0h 0m 0s)

